==============================================================================
20170123 15:37:06.905 - INFO - + START SUITE: Acceptancetest [ ]
==============================================================================
20170123 15:37:06.987 - INFO - +- START SUITE: Acceptancetest.TicTacToeTests [ ]
==============================================================================
20170123 15:37:06.997 - INFO - +-- START TEST: Win Diagonally as X [ ]
------------------------------------------------------------------------------
20170123 15:37:07.006 - INFO - +--- START KW: TicTacToeKeywords.Start New Game [ ]
20170123 15:37:07.013 - INFO - +--- END KW: TicTacToeKeywords.Start New Game (6)
~~~~~~~~~~~~~~~~~~~~~~~~~~~~~~~~~~~~~~~~~~~~~~~~~~~~~~~~~~~~~~~~~~~~~~~~~~~~~~
20170123 15:37:07.015 - INFO - +--- START KW: TicTacToeKeywords.Mark Location [ 1 | 1 ]
20170123 15:37:07.033 - INFO - +--- END KW: TicTacToeKeywords.Mark Location (18)
~~~~~~~~~~~~~~~~~~~~~~~~~~~~~~~~~~~~~~~~~~~~~~~~~~~~~~~~~~~~~~~~~~~~~~~~~~~~~~
20170123 15:37:07.037 - INFO - +--- START KW: Check Location [ 1 | 1 | X ]
20170123 15:37:07.046 - INFO - +---- START KW: TicTacToeKeywords.Get Mark [ ${row} | ${col} ]
20170123 15:37:07.059 - INFO - ${m} = X
20170123 15:37:07.061 - INFO - +---- END KW: TicTacToeKeywords.Get Mark (15)
20170123 15:37:07.065 - INFO - +---- START KW: BuiltIn.Should Be Equal [ ${m} | ${mark} ]
20170123 15:37:07.075 - INFO - +---- END KW: BuiltIn.Should Be Equal (9)
20170123 15:37:07.078 - INFO - +--- END KW: Check Location (42)
~~~~~~~~~~~~~~~~~~~~~~~~~~~~~~~~~~~~~~~~~~~~~~~~~~~~~~~~~~~~~~~~~~~~~~~~~~~~~~
20170123 15:37:07.082 - INFO - +--- START KW: TicTacToeKeywords.Mark Location [ 0 | 1 ]
20170123 15:37:07.088 - INFO - +--- END KW: TicTacToeKeywords.Mark Location (6)
~~~~~~~~~~~~~~~~~~~~~~~~~~~~~~~~~~~~~~~~~~~~~~~~~~~~~~~~~~~~~~~~~~~~~~~~~~~~~~
20170123 15:37:07.090 - INFO - +--- START KW: Check Location [ 0 | 1 | O ]
20170123 15:37:07.096 - INFO - +---- START KW: TicTacToeKeywords.Get Mark [ ${row} | ${col} ]
20170123 15:37:07.106 - INFO - ${m} = O
20170123 15:37:07.108 - INFO - +---- END KW: TicTacToeKeywords.Get Mark (12)
20170123 15:37:07.111 - INFO - +---- START KW: BuiltIn.Should Be Equal [ ${m} | ${mark} ]
20170123 15:37:07.124 - INFO - +---- END KW: BuiltIn.Should Be Equal (13)
20170123 15:37:07.127 - INFO - +--- END KW: Check Location (36)
~~~~~~~~~~~~~~~~~~~~~~~~~~~~~~~~~~~~~~~~~~~~~~~~~~~~~~~~~~~~~~~~~~~~~~~~~~~~~~
20170123 15:37:07.129 - INFO - +--- START KW: TicTacToeKeywords.Mark Location [ 0 | 0 ]
20170123 15:37:07.138 - INFO - +--- END KW: TicTacToeKeywords.Mark Location (9)
~~~~~~~~~~~~~~~~~~~~~~~~~~~~~~~~~~~~~~~~~~~~~~~~~~~~~~~~~~~~~~~~~~~~~~~~~~~~~~
20170123 15:37:07.140 - INFO - +--- START KW: Check Location [ 0 | 0 | X ]
20170123 15:37:07.146 - INFO - +---- START KW: TicTacToeKeywords.Get Mark [ ${row} | ${col} ]
20170123 15:37:07.178 - INFO - ${m} = X
20170123 15:37:07.181 - INFO - +---- END KW: TicTacToeKeywords.Get Mark (35)
20170123 15:37:07.182 - INFO - +---- START KW: BuiltIn.Should Be Equal [ ${m} | ${mark} ]
20170123 15:37:07.196 - INFO - +---- END KW: BuiltIn.Should Be Equal (7)
20170123 15:37:07.199 - INFO - +--- END KW: Check Location (59)
~~~~~~~~~~~~~~~~~~~~~~~~~~~~~~~~~~~~~~~~~~~~~~~~~~~~~~~~~~~~~~~~~~~~~~~~~~~~~~
20170123 15:37:07.206 - INFO - +--- START KW: TicTacToeKeywords.Mark Location [ 0 | 2 ]
20170123 15:37:07.210 - INFO - +--- END KW: TicTacToeKeywords.Mark Location (4)
~~~~~~~~~~~~~~~~~~~~~~~~~~~~~~~~~~~~~~~~~~~~~~~~~~~~~~~~~~~~~~~~~~~~~~~~~~~~~~
20170123 15:37:07.212 - INFO - +--- START KW: Check Location [ 0 | 2 | O ]
20170123 15:37:07.223 - INFO - +---- START KW: TicTacToeKeywords.Get Mark [ ${row} | ${col} ]
20170123 15:37:07.229 - INFO - ${m} = O
20170123 15:37:07.232 - INFO - +---- END KW: TicTacToeKeywords.Get Mark (14)
20170123 15:37:07.235 - INFO - +---- START KW: BuiltIn.Should Be Equal [ ${m} | ${mark} ]
20170123 15:37:07.240 - INFO - +---- END KW: BuiltIn.Should Be Equal (5)
20170123 15:37:07.243 - INFO - +--- END KW: Check Location (30)
~~~~~~~~~~~~~~~~~~~~~~~~~~~~~~~~~~~~~~~~~~~~~~~~~~~~~~~~~~~~~~~~~~~~~~~~~~~~~~
20170123 15:37:07.245 - INFO - +--- START KW: TicTacToeKeywords.Mark Location [ 2 | 2 ]
20170123 15:37:07.252 - INFO - +--- END KW: TicTacToeKeywords.Mark Location (3)
~~~~~~~~~~~~~~~~~~~~~~~~~~~~~~~~~~~~~~~~~~~~~~~~~~~~~~~~~~~~~~~~~~~~~~~~~~~~~~
20170123 15:37:07.262 - INFO - +--- START KW: Check Location [ 2 | 2 | X ]
20170123 15:37:07.269 - INFO - +---- START KW: TicTacToeKeywords.Get Mark [ ${row} | ${col} ]
20170123 15:37:07.274 - INFO - ${m} = X
20170123 15:37:07.276 - INFO - +---- END KW: TicTacToeKeywords.Get Mark (7)
20170123 15:37:07.278 - INFO - +---- START KW: BuiltIn.Should Be Equal [ ${m} | ${mark} ]
20170123 15:37:07.283 - INFO - +---- END KW: BuiltIn.Should Be Equal (5)
20170123 15:37:07.286 - INFO - +--- END KW: Check Location (25)
~~~~~~~~~~~~~~~~~~~~~~~~~~~~~~~~~~~~~~~~~~~~~~~~~~~~~~~~~~~~~~~~~~~~~~~~~~~~~~
20170123 15:37:07.288 - INFO - +--- START KW: Winner Should Be [ X ]
20170123 15:37:07.292 - INFO - +---- START KW: TicTacToeKeywords.Get Winner [ ]
20170123 15:37:07.295 - INFO - ${m} = X
20170123 15:37:07.298 - INFO - +---- END KW: TicTacToeKeywords.Get Winner (5)
20170123 15:37:07.302 - INFO - +---- START KW: BuiltIn.Should Be Equal [ ${m} | ${mark} ]
20170123 15:37:07.310 - INFO - +---- END KW: BuiltIn.Should Be Equal (8)
20170123 15:37:07.313 - INFO - +--- END KW: Winner Should Be (25)
------------------------------------------------------------------------------
20170123 15:37:07.319 - INFO - +-- END TEST: Win Diagonally as X (319)
------------------------------------------------------------------------------
20170123 15:37:07.323 - INFO - +-- START TEST: Win Horizontally as O [ ]
------------------------------------------------------------------------------
20170123 15:37:07.327 - INFO - +--- START KW: TicTacToeKeywords.Start New Game [ ]
20170123 15:37:07.331 - INFO - +--- END KW: TicTacToeKeywords.Start New Game (3)
~~~~~~~~~~~~~~~~~~~~~~~~~~~~~~~~~~~~~~~~~~~~~~~~~~~~~~~~~~~~~~~~~~~~~~~~~~~~~~
20170123 15:37:07.333 - INFO - +--- START KW: TicTacToeKeywords.Mark Location [ 1 | 1 ]
20170123 15:37:07.336 - INFO - +--- END KW: TicTacToeKeywords.Mark Location (4)
~~~~~~~~~~~~~~~~~~~~~~~~~~~~~~~~~~~~~~~~~~~~~~~~~~~~~~~~~~~~~~~~~~~~~~~~~~~~~~
20170123 15:37:07.339 - INFO - +--- START KW: Check Location [ 1 | 1 | X ]
20170123 15:37:07.343 - INFO - +---- START KW: TicTacToeKeywords.Get Mark [ ${row} | ${col} ]
20170123 15:37:07.348 - INFO - ${m} = X
20170123 15:37:07.358 - INFO - +---- END KW: TicTacToeKeywords.Get Mark (14)
20170123 15:37:07.363 - INFO - +---- START KW: BuiltIn.Should Be Equal [ ${m} | ${mark} ]
20170123 15:37:07.379 - INFO - +---- END KW: BuiltIn.Should Be Equal (17)
20170123 15:37:07.382 - INFO - +--- END KW: Check Location (43)
~~~~~~~~~~~~~~~~~~~~~~~~~~~~~~~~~~~~~~~~~~~~~~~~~~~~~~~~~~~~~~~~~~~~~~~~~~~~~~
20170123 15:37:07.383 - INFO - +--- START KW: TicTacToeKeywords.Mark Location [ 2 | 0 ]
20170123 15:37:07.392 - INFO - +--- END KW: TicTacToeKeywords.Mark Location (8)
~~~~~~~~~~~~~~~~~~~~~~~~~~~~~~~~~~~~~~~~~~~~~~~~~~~~~~~~~~~~~~~~~~~~~~~~~~~~~~
20170123 15:37:07.394 - INFO - +--- START KW: Check Location [ 2 | 0 | O ]
20170123 15:37:07.405 - INFO - +---- START KW: TicTacToeKeywords.Get Mark [ ${row} | ${col} ]
20170123 15:37:07.425 - INFO - ${m} = O
20170123 15:37:07.455 - INFO - +---- END KW: TicTacToeKeywords.Get Mark (23)
20170123 15:37:07.458 - INFO - +---- START KW: BuiltIn.Should Be Equal [ ${m} | ${mark} ]
20170123 15:37:07.475 - INFO - +---- END KW: BuiltIn.Should Be Equal (8)
20170123 15:37:07.479 - INFO - +--- END KW: Check Location (84)
~~~~~~~~~~~~~~~~~~~~~~~~~~~~~~~~~~~~~~~~~~~~~~~~~~~~~~~~~~~~~~~~~~~~~~~~~~~~~~
20170123 15:37:07.485 - INFO - +--- START KW: TicTacToeKeywords.Mark Location [ 0 | 0 ]
20170123 15:37:07.493 - INFO - +--- END KW: TicTacToeKeywords.Mark Location (9)
~~~~~~~~~~~~~~~~~~~~~~~~~~~~~~~~~~~~~~~~~~~~~~~~~~~~~~~~~~~~~~~~~~~~~~~~~~~~~~
20170123 15:37:07.496 - INFO - +--- START KW: Check Location [ 0 | 0 | X ]
20170123 15:37:07.503 - INFO - +---- START KW: TicTacToeKeywords.Get Mark [ ${row} | ${col} ]
20170123 15:37:07.508 - INFO - ${m} = X
20170123 15:37:07.513 - INFO - +---- END KW: TicTacToeKeywords.Get Mark (9)
20170123 15:37:07.515 - INFO - +---- START KW: BuiltIn.Should Be Equal [ ${m} | ${mark} ]
20170123 15:37:07.528 - INFO - +---- END KW: BuiltIn.Should Be Equal (13)
20170123 15:37:07.537 - INFO - +--- END KW: Check Location (38)
~~~~~~~~~~~~~~~~~~~~~~~~~~~~~~~~~~~~~~~~~~~~~~~~~~~~~~~~~~~~~~~~~~~~~~~~~~~~~~
20170123 15:37:07.539 - INFO - +--- START KW: TicTacToeKeywords.Mark Location [ 2 | 2 ]
20170123 15:37:07.555 - INFO - +--- END KW: TicTacToeKeywords.Mark Location (14)
~~~~~~~~~~~~~~~~~~~~~~~~~~~~~~~~~~~~~~~~~~~~~~~~~~~~~~~~~~~~~~~~~~~~~~~~~~~~~~
20170123 15:37:07.557 - INFO - +--- START KW: Check Location [ 2 | 2 | O ]
20170123 15:37:07.563 - INFO - +---- START KW: TicTacToeKeywords.Get Mark [ ${row} | ${col} ]
20170123 15:37:07.598 - INFO - ${m} = O
20170123 15:37:07.604 - INFO - +---- END KW: TicTacToeKeywords.Get Mark (39)
20170123 15:37:07.606 - INFO - +---- START KW: BuiltIn.Should Be Equal [ ${m} | ${mark} ]
20170123 15:37:07.615 - INFO - +---- END KW: BuiltIn.Should Be Equal (9)
20170123 15:37:07.619 - INFO - +--- END KW: Check Location (61)
~~~~~~~~~~~~~~~~~~~~~~~~~~~~~~~~~~~~~~~~~~~~~~~~~~~~~~~~~~~~~~~~~~~~~~~~~~~~~~
20170123 15:37:07.628 - INFO - +--- START KW: TicTacToeKeywords.Mark Location [ 0 | 2 ]
20170123 15:37:07.635 - INFO - +--- END KW: TicTacToeKeywords.Mark Location (8)
~~~~~~~~~~~~~~~~~~~~~~~~~~~~~~~~~~~~~~~~~~~~~~~~~~~~~~~~~~~~~~~~~~~~~~~~~~~~~~
20170123 15:37:07.639 - INFO - +--- START KW: Check Location [ 0 | 2 | X ]
20170123 15:37:07.651 - INFO - +---- START KW: TicTacToeKeywords.Get Mark [ ${row} | ${col} ]
20170123 15:37:07.661 - INFO - ${m} = X
20170123 15:37:07.664 - INFO - +---- END KW: TicTacToeKeywords.Get Mark (14)
20170123 15:37:07.666 - INFO - +---- START KW: BuiltIn.Should Be Equal [ ${m} | ${mark} ]
20170123 15:37:07.687 - INFO - +---- END KW: BuiltIn.Should Be Equal (20)
20170123 15:37:07.705 - INFO - +--- END KW: Check Location (64)
~~~~~~~~~~~~~~~~~~~~~~~~~~~~~~~~~~~~~~~~~~~~~~~~~~~~~~~~~~~~~~~~~~~~~~~~~~~~~~
20170123 15:37:07.707 - INFO - +--- START KW: TicTacToeKeywords.Mark Location [ 2 | 1 ]
20170123 15:37:07.712 - INFO - +--- END KW: TicTacToeKeywords.Mark Location (4)
~~~~~~~~~~~~~~~~~~~~~~~~~~~~~~~~~~~~~~~~~~~~~~~~~~~~~~~~~~~~~~~~~~~~~~~~~~~~~~
20170123 15:37:07.713 - INFO - +--- START KW: Check Location [ 2 | 1 | O ]
20170123 15:37:07.718 - INFO - +---- START KW: TicTacToeKeywords.Get Mark [ ${row} | ${col} ]
20170123 15:37:07.733 - INFO - ${m} = O
20170123 15:37:07.741 - INFO - +---- END KW: TicTacToeKeywords.Get Mark (21)
20170123 15:37:07.745 - INFO - +---- START KW: BuiltIn.Should Be Equal [ ${m} | ${mark} ]
20170123 15:37:07.771 - INFO - +---- END KW: BuiltIn.Should Be Equal (27)
20170123 15:37:07.773 - INFO - +--- END KW: Check Location (60)
~~~~~~~~~~~~~~~~~~~~~~~~~~~~~~~~~~~~~~~~~~~~~~~~~~~~~~~~~~~~~~~~~~~~~~~~~~~~~~
20170123 15:37:07.775 - INFO - +--- START KW: Winner Should Be [ O ]
20170123 15:37:07.779 - INFO - +---- START KW: TicTacToeKeywords.Get Winner [ ]
20170123 15:37:07.783 - INFO - ${m} = O
20170123 15:37:07.787 - INFO - +---- END KW: TicTacToeKeywords.Get Winner (7)
20170123 15:37:07.789 - INFO - +---- START KW: BuiltIn.Should Be Equal [ ${m} | ${mark} ]
20170123 15:37:07.827 - INFO - +---- END KW: BuiltIn.Should Be Equal (39)
20170123 15:37:07.831 - INFO - +--- END KW: Winner Should Be (55)
------------------------------------------------------------------------------
20170123 15:37:07.844 - INFO - +-- END TEST: Win Horizontally as O (516)
------------------------------------------------------------------------------
20170123 15:37:07.847 - INFO - +-- START TEST: Force a Tie [ ]
------------------------------------------------------------------------------
20170123 15:37:07.854 - INFO - +--- START KW: TicTacToeKeywords.Start New Game [ ]
20170123 15:37:07.858 - INFO - +--- END KW: TicTacToeKeywords.Start New Game (5)
~~~~~~~~~~~~~~~~~~~~~~~~~~~~~~~~~~~~~~~~~~~~~~~~~~~~~~~~~~~~~~~~~~~~~~~~~~~~~~
20170123 15:37:07.860 - INFO - +--- START KW: TicTacToeKeywords.Mark Location [ 1 | 1 ]
20170123 15:37:07.865 - INFO - +--- END KW: TicTacToeKeywords.Mark Location (6)
~~~~~~~~~~~~~~~~~~~~~~~~~~~~~~~~~~~~~~~~~~~~~~~~~~~~~~~~~~~~~~~~~~~~~~~~~~~~~~
20170123 15:37:07.868 - INFO - +--- START KW: Check Location [ 1 | 1 | X ]
20170123 15:37:07.894 - INFO - +---- START KW: TicTacToeKeywords.Get Mark [ ${row} | ${col} ]
20170123 15:37:07.900 - INFO - ${m} = X
20170123 15:37:07.905 - INFO - +---- END KW: TicTacToeKeywords.Get Mark (10)
20170123 15:37:07.908 - INFO - +---- START KW: BuiltIn.Should Be Equal [ ${m} | ${mark} ]
20170123 15:37:07.920 - INFO - +---- END KW: BuiltIn.Should Be Equal (9)
20170123 15:37:07.930 - INFO - +--- END KW: Check Location (62)
~~~~~~~~~~~~~~~~~~~~~~~~~~~~~~~~~~~~~~~~~~~~~~~~~~~~~~~~~~~~~~~~~~~~~~~~~~~~~~
20170123 15:37:07.933 - INFO - +--- START KW: TicTacToeKeywords.Mark Location [ 0 | 0 ]
20170123 15:37:07.942 - INFO - +--- END KW: TicTacToeKeywords.Mark Location (5)
~~~~~~~~~~~~~~~~~~~~~~~~~~~~~~~~~~~~~~~~~~~~~~~~~~~~~~~~~~~~~~~~~~~~~~~~~~~~~~
20170123 15:37:07.973 - INFO - +--- START KW: Check Location [ 0 | 0 | O ]
20170123 15:37:07.980 - INFO - +---- START KW: TicTacToeKeywords.Get Mark [ ${row} | ${col} ]
20170123 15:37:07.987 - INFO - ${m} = O
20170123 15:37:07.991 - INFO - +---- END KW: TicTacToeKeywords.Get Mark (13)
20170123 15:37:07.992 - INFO - +---- START KW: BuiltIn.Should Be Equal [ ${m} | ${mark} ]
20170123 15:37:07.997 - INFO - +---- END KW: BuiltIn.Should Be Equal (4)
20170123 15:37:08.001 - INFO - +--- END KW: Check Location (56)
~~~~~~~~~~~~~~~~~~~~~~~~~~~~~~~~~~~~~~~~~~~~~~~~~~~~~~~~~~~~~~~~~~~~~~~~~~~~~~
20170123 15:37:08.004 - INFO - +--- START KW: TicTacToeKeywords.Mark Location [ 2 | 0 ]
20170123 15:37:08.008 - INFO - +--- END KW: TicTacToeKeywords.Mark Location (4)
~~~~~~~~~~~~~~~~~~~~~~~~~~~~~~~~~~~~~~~~~~~~~~~~~~~~~~~~~~~~~~~~~~~~~~~~~~~~~~
20170123 15:37:08.010 - INFO - +--- START KW: Check Location [ 2 | 0 | X ]
20170123 15:37:08.014 - INFO - +---- START KW: TicTacToeKeywords.Get Mark [ ${row} | ${col} ]
20170123 15:37:08.022 - INFO - ${m} = X
20170123 15:37:08.042 - INFO - +---- END KW: TicTacToeKeywords.Get Mark (27)
20170123 15:37:08.043 - INFO - +---- START KW: BuiltIn.Should Be Equal [ ${m} | ${mark} ]
20170123 15:37:08.054 - INFO - +---- END KW: BuiltIn.Should Be Equal (10)
20170123 15:37:08.057 - INFO - +--- END KW: Check Location (47)
~~~~~~~~~~~~~~~~~~~~~~~~~~~~~~~~~~~~~~~~~~~~~~~~~~~~~~~~~~~~~~~~~~~~~~~~~~~~~~
20170123 15:37:08.058 - INFO - +--- START KW: TicTacToeKeywords.Mark Location [ 0 | 2 ]
20170123 15:37:08.064 - INFO - +--- END KW: TicTacToeKeywords.Mark Location (5)
~~~~~~~~~~~~~~~~~~~~~~~~~~~~~~~~~~~~~~~~~~~~~~~~~~~~~~~~~~~~~~~~~~~~~~~~~~~~~~
20170123 15:37:08.065 - INFO - +--- START KW: Check Location [ 0 | 2 | O ]
20170123 15:37:08.072 - INFO - +---- START KW: TicTacToeKeywords.Get Mark [ ${row} | ${col} ]
20170123 15:37:08.080 - INFO - ${m} = O
20170123 15:37:08.082 - INFO - +---- END KW: TicTacToeKeywords.Get Mark (10)
20170123 15:37:08.084 - INFO - +---- START KW: BuiltIn.Should Be Equal [ ${m} | ${mark} ]
20170123 15:37:08.091 - INFO - +---- END KW: BuiltIn.Should Be Equal (7)
20170123 15:37:08.094 - INFO - +--- END KW: Check Location (28)
~~~~~~~~~~~~~~~~~~~~~~~~~~~~~~~~~~~~~~~~~~~~~~~~~~~~~~~~~~~~~~~~~~~~~~~~~~~~~~
20170123 15:37:08.096 - INFO - +--- START KW: TicTacToeKeywords.Mark Location [ 0 | 1 ]
20170123 15:37:08.101 - INFO - +--- END KW: TicTacToeKeywords.Mark Location (4)
~~~~~~~~~~~~~~~~~~~~~~~~~~~~~~~~~~~~~~~~~~~~~~~~~~~~~~~~~~~~~~~~~~~~~~~~~~~~~~
20170123 15:37:08.103 - INFO - +--- START KW: Check Location [ 0 | 1 | X ]
20170123 15:37:08.107 - INFO - +---- START KW: TicTacToeKeywords.Get Mark [ ${row} | ${col} ]
20170123 15:37:08.113 - INFO - ${m} = X
20170123 15:37:08.118 - INFO - +---- END KW: TicTacToeKeywords.Get Mark (9)
20170123 15:37:08.120 - INFO - +---- START KW: BuiltIn.Should Be Equal [ ${m} | ${mark} ]
20170123 15:37:08.127 - INFO - +---- END KW: BuiltIn.Should Be Equal (7)
20170123 15:37:08.135 - INFO - +--- END KW: Check Location (27)
~~~~~~~~~~~~~~~~~~~~~~~~~~~~~~~~~~~~~~~~~~~~~~~~~~~~~~~~~~~~~~~~~~~~~~~~~~~~~~
20170123 15:37:08.137 - INFO - +--- START KW: TicTacToeKeywords.Mark Location [ 2 | 1 ]
20170123 15:37:08.142 - INFO - +--- END KW: TicTacToeKeywords.Mark Location (4)
~~~~~~~~~~~~~~~~~~~~~~~~~~~~~~~~~~~~~~~~~~~~~~~~~~~~~~~~~~~~~~~~~~~~~~~~~~~~~~
20170123 15:37:08.143 - INFO - +--- START KW: Check Location [ 2 | 1 | O ]
20170123 15:37:08.147 - INFO - +---- START KW: TicTacToeKeywords.Get Mark [ ${row} | ${col} ]
20170123 15:37:08.152 - INFO - ${m} = O
20170123 15:37:08.153 - INFO - +---- END KW: TicTacToeKeywords.Get Mark (6)
20170123 15:37:08.155 - INFO - +---- START KW: BuiltIn.Should Be Equal [ ${m} | ${mark} ]
20170123 15:37:08.161 - INFO - +---- END KW: BuiltIn.Should Be Equal (5)
20170123 15:37:08.163 - INFO - +--- END KW: Check Location (19)
~~~~~~~~~~~~~~~~~~~~~~~~~~~~~~~~~~~~~~~~~~~~~~~~~~~~~~~~~~~~~~~~~~~~~~~~~~~~~~
20170123 15:37:08.165 - INFO - +--- START KW: TicTacToeKeywords.Mark Location [ 1 | 2 ]
20170123 15:37:08.170 - INFO - +--- END KW: TicTacToeKeywords.Mark Location (5)
~~~~~~~~~~~~~~~~~~~~~~~~~~~~~~~~~~~~~~~~~~~~~~~~~~~~~~~~~~~~~~~~~~~~~~~~~~~~~~
20170123 15:37:08.173 - INFO - +--- START KW: Check Location [ 1 | 2 | X ]
20170123 15:37:08.177 - INFO - +---- START KW: TicTacToeKeywords.Get Mark [ ${row} | ${col} ]
20170123 15:37:08.184 - INFO - ${m} = X
20170123 15:37:08.186 - INFO - +---- END KW: TicTacToeKeywords.Get Mark (8)
20170123 15:37:08.188 - INFO - +---- START KW: BuiltIn.Should Be Equal [ ${m} | ${mark} ]
20170123 15:37:08.195 - INFO - +---- END KW: BuiltIn.Should Be Equal (6)
20170123 15:37:08.198 - INFO - +--- END KW: Check Location (26)
~~~~~~~~~~~~~~~~~~~~~~~~~~~~~~~~~~~~~~~~~~~~~~~~~~~~~~~~~~~~~~~~~~~~~~~~~~~~~~
20170123 15:37:08.200 - INFO - +--- START KW: TicTacToeKeywords.Mark Location [ 1 | 0 ]
20170123 15:37:08.205 - INFO - +--- END KW: TicTacToeKeywords.Mark Location (5)
~~~~~~~~~~~~~~~~~~~~~~~~~~~~~~~~~~~~~~~~~~~~~~~~~~~~~~~~~~~~~~~~~~~~~~~~~~~~~~
20170123 15:37:08.207 - INFO - +--- START KW: Check Location [ 1 | 0 | O ]
20170123 15:37:08.213 - INFO - +---- START KW: TicTacToeKeywords.Get Mark [ ${row} | ${col} ]
20170123 15:37:08.220 - INFO - ${m} = O
20170123 15:37:08.222 - INFO - +---- END KW: TicTacToeKeywords.Get Mark (9)
20170123 15:37:08.224 - INFO - +---- START KW: BuiltIn.Should Be Equal [ ${m} | ${mark} ]
20170123 15:37:08.238 - INFO - +---- END KW: BuiltIn.Should Be Equal (14)
20170123 15:37:08.242 - INFO - +--- END KW: Check Location (33)
~~~~~~~~~~~~~~~~~~~~~~~~~~~~~~~~~~~~~~~~~~~~~~~~~~~~~~~~~~~~~~~~~~~~~~~~~~~~~~
20170123 15:37:08.244 - INFO - +--- START KW: TicTacToeKeywords.Mark Location [ 2 | 2 ]
20170123 15:37:08.248 - INFO - +--- END KW: TicTacToeKeywords.Mark Location (5)
~~~~~~~~~~~~~~~~~~~~~~~~~~~~~~~~~~~~~~~~~~~~~~~~~~~~~~~~~~~~~~~~~~~~~~~~~~~~~~
20170123 15:37:08.250 - INFO - +--- START KW: Check Location [ 2 | 2 | X ]
20170123 15:37:08.257 - INFO - +---- START KW: TicTacToeKeywords.Get Mark [ ${row} | ${col} ]
20170123 15:37:08.262 - INFO - ${m} = X
20170123 15:37:08.265 - INFO - +---- END KW: TicTacToeKeywords.Get Mark (7)
20170123 15:37:08.266 - INFO - +---- START KW: BuiltIn.Should Be Equal [ ${m} | ${mark} ]
20170123 15:37:08.273 - INFO - +---- END KW: BuiltIn.Should Be Equal (7)
20170123 15:37:08.275 - INFO - +--- END KW: Check Location (25)
~~~~~~~~~~~~~~~~~~~~~~~~~~~~~~~~~~~~~~~~~~~~~~~~~~~~~~~~~~~~~~~~~~~~~~~~~~~~~~
20170123 15:37:08.277 - INFO - +--- START KW: Winner Should Be [ TIE ]
20170123 15:37:08.280 - INFO - +---- START KW: TicTacToeKeywords.Get Winner [ ]
20170123 15:37:08.284 - INFO - ${m} = TIE
20170123 15:37:08.286 - INFO - +---- END KW: TicTacToeKeywords.Get Winner (5)
20170123 15:37:08.288 - INFO - +---- START KW: BuiltIn.Should Be Equal [ ${m} | ${mark} ]
20170123 15:37:08.295 - INFO - +---- END KW: BuiltIn.Should Be Equal (7)
20170123 15:37:08.299 - INFO - +--- END KW: Winner Should Be (22)
------------------------------------------------------------------------------
20170123 15:37:08.307 - INFO - +-- END TEST: Force a Tie (457)
------------------------------------------------------------------------------
20170123 15:37:08.366 - INFO - +- END SUITE: Acceptancetest.TicTacToeTests (1393)
==============================================================================
20170123 15:37:08.411 - INFO - + END SUITE: Acceptancetest (1869)
==============================================================================
